<?xml version="1.0" encoding="UTF-8"?>
<testsuite name="org.gradle.shared.PersonTest" tests="3" skipped="0" failures="0" errors="0" timestamp="2018-04-05T18:10:26" hostname="yuliana-canas" time="0.011">
  <properties/>
  <testcase name="testMainProperty" classname="org.gradle.shared.PersonTest" time="0.007"/>
  <testcase name="testTest" classname="org.gradle.shared.PersonTest" time="0.001"/>
  <testcase name="testTestProperty" classname="org.gradle.shared.PersonTest" time="0.002"/>
  <system-out><![CDATA[]]></system-out>
  <system-err><![CDATA[]]></system-err>
</testsuite>
